#
# There is insufficient memory for the Java Runtime Environment to continue.
# Native memory allocation (mmap) failed to map 201326592 bytes for G1 virtual space
# Possible reasons:
#   The system is out of physical RAM or swap space
#   The process is running with CompressedOops enabled, and the Java Heap may be blocking the growth of the native heap
# Possible solutions:
#   Reduce memory load on the system
#   Increase physical memory or swap space
#   Check if swap backing store is full
#   Decrease Java heap size (-Xmx/-Xms)
#   Decrease number of Java threads
#   Decrease Java thread stack sizes (-Xss)
#   Set larger code cache with -XX:ReservedCodeCacheSize=
#   JVM is running with Zero Based Compressed Oops mode in which the Java heap is
#     placed in the first 32GB address space. The Java Heap base address is the
#     maximum limit for the native heap growth. Please use -XX:HeapBaseMinAddress
#     to set the Java Heap base and to place the Java Heap above 32GB virtual address.
# This output file may be truncated or incomplete.
#
#  Out of Memory Error (os_windows.cpp:3600), pid=16440, tid=15680
#
# JRE version:  (21.0.1+12) (build )
# Java VM: Java HotSpot(TM) 64-Bit Server VM (21.0.1+12-LTS-29, mixed mode, sharing, tiered, compressed oops, compressed class ptrs, g1 gc, windows-amd64)
# No core dump will be written. Minidumps are not enabled by default on client versions of Windows
#

---------------  S U M M A R Y ------------

Command Line: -Dfile.encoding=UTF-8 -Dstdout.encoding=UTF-8 -Dstderr.encoding=UTF-8 -XX:+ShowCodeDetailsInExceptionMessages com.controller.OrdersController

Host: Intel(R) Core(TM) i5-8250U CPU @ 1.60GHz, 8 cores, 11G,  Windows 10 , 64 bit Build 19041 (10.0.19041.3636)
Time: Mon Mar 18 21:15:44 2024 India Standard Time elapsed time: 0.020253 seconds (0d 0h 0m 0s)

---------------  T H R E A D  ---------------

Current thread (0x000001bc6dd487c0):  JavaThread "Unknown thread" [_thread_in_vm, id=15680, stack(0x0000000f7e600000,0x0000000f7e700000) (1024K)]

Stack: [0x0000000f7e600000,0x0000000f7e700000]
Native frames: (J=compiled Java code, j=interpreted, Vv=VM code, C=native code)
V  [jvm.dll+0x6c9029]
V  [jvm.dll+0x854b81]
V  [jvm.dll+0x856e5e]
V  [jvm.dll+0x857543]
V  [jvm.dll+0x280c06]
V  [jvm.dll+0x6c5715]
V  [jvm.dll+0x6ba10a]
V  [jvm.dll+0x3557ea]
V  [jvm.dll+0x35d436]
V  [jvm.dll+0x3ae1be]
V  [jvm.dll+0x3ae468]
V  [jvm.dll+0x3291fc]
V  [jvm.dll+0x329d8b]
V  [jvm.dll+0x81d179]
V  [jvm.dll+0x3bb4f1]
V  [jvm.dll+0x805ae8]
V  [jvm.dll+0x44effe]
V  [jvm.dll+0x450901]
C  [jli.dll+0x52a3]
C  [ucrtbase.dll+0x21bb2]
C  [KERNEL32.DLL+0x17344]
C  [ntdll.dll+0x526b1]


---------------  P R O C E S S  ---------------

Threads class SMR info:
_java_thread_list=0x00007ffdd5239b88, length=0, elements={
}

Java Threads: ( => current thread )
Total: 0

Other Threads:
  0x000001bc6df01550 WorkerThread "GC Thread#0"                     [id=22948, stack(0x0000000f7e700000,0x0000000f7e800000) (1024K)]
  0x000001bc6df0fe60 ConcurrentGCThread "G1 Main Marker"            [id=30536, stack(0x0000000f7e800000,0x0000000f7e900000) (1024K)]
  0x000001bc6df10960 WorkerThread "G1 Conc#0"                       [id=28960, stack(0x0000000f7e900000,0x0000000f7ea00000) (1024K)]

[error occurred during error reporting (printing all threads), id 0xc0000005, EXCEPTION_ACCESS_VIOLATION (0xc0000005) at pc=0x00007ffdd49ac2c7]
VM state: not at safepoint (not fully initialized)

VM Mutex/Monitor currently owned by a thread:  ([mutex/lock_event])
[0x00007ffdd52aa6f8] Heap_lock - owner thread: 0x000001bc6dd487c0

Heap address: 0x0000000741800000, size: 3048 MB, Compressed Oops mode: Zero based, Oop shift amount: 3

CDS archive(s) mapped at: [0x0000000000000000-0x0000000000000000-0x0000000000000000), size 0, SharedBaseAddress: 0x0000000800000000, ArchiveRelocationMode: 1.
Narrow klass base: 0x0000000000000000, Narrow klass shift: 0, Narrow klass range: 0x0

GC Precious Log:
 CardTable entry size: 512
 Card Set container configuration: InlinePtr #cards 4 size 8 Array Of Cards #cards 16 size 48 Howl #buckets 8 coarsen threshold 3686 Howl Bitmap #cards 512 size 80 coarsen threshold 460 Card regions per heap region 1 cards per card region 4096

Heap:
 garbage-first heap   total 0K, used 0K [0x0000000741800000, 0x0000000800000000)
  region size 2048K, 0 young (0K), 0 survivors (0K)

[error occurred during error reporting (printing heap information), id 0xc0000005, EXCEPTION_ACCESS_VIOLATION (0xc0000005) at pc=0x00007ffdd4d91be9]
GC Heap History (0 events):
No events

Dll operation events (1 events):
Event: 0.007 Loaded shared library C:\Program Files\Java\jdk-21\bin\java.dll

Deoptimization events (0 events):
No events

Classes loaded (0 events):
No events

Classes unloaded (0 events):
No events

Classes redefined (0 events):
No events

Internal exceptions (0 events):
No events

ZGC Phase Switch (0 events):
No events

VM Operations (0 events):
No events

Events (0 events):
No events


Dynamic libraries:
0x00007ff7bf490000 - 0x00007ff7bf4a0000 	C:\Program Files\Java\jdk-21\bin\javaw.exe
0x00007ffe59790000 - 0x00007ffe59988000 	C:\Windows\SYSTEM32\ntdll.dll
0x00007ffe1cf20000 - 0x00007ffe1cf39000 	C:\Program Files\Avast Software\Avast\aswhook.dll
0x00007ffe592b0000 - 0x00007ffe5936d000 	C:\Windows\System32\KERNEL32.DLL
0x00007ffe56e80000 - 0x00007ffe57176000 	C:\Windows\System32\KERNELBASE.dll
0x00007ffe57360000 - 0x00007ffe57460000 	C:\Windows\System32\ucrtbase.dll
0x00007ffe3d130000 - 0x00007ffe3d149000 	C:\Program Files\Java\jdk-21\bin\jli.dll
0x00007ffe3b680000 - 0x00007ffe3b69b000 	C:\Program Files\Java\jdk-21\bin\VCRUNTIME140.dll
0x00007ffe57ff0000 - 0x00007ffe580a3000 	C:\Windows\System32\ADVAPI32.dll
0x00007ffe59680000 - 0x00007ffe5971e000 	C:\Windows\System32\msvcrt.dll
0x00007ffe58120000 - 0x00007ffe581bf000 	C:\Windows\System32\sechost.dll
0x00007ffe57ec0000 - 0x00007ffe57fe6000 	C:\Windows\System32\RPCRT4.dll
0x00007ffe57180000 - 0x00007ffe571a7000 	C:\Windows\System32\bcrypt.dll
0x00007ffe593b0000 - 0x00007ffe5954e000 	C:\Windows\System32\USER32.dll
0x00007ffe56e50000 - 0x00007ffe56e72000 	C:\Windows\System32\win32u.dll
0x00007ffe44fb0000 - 0x00007ffe4524a000 	C:\Windows\WinSxS\amd64_microsoft.windows.common-controls_6595b64144ccf1df_6.0.19041.3636_none_60b6a03d71f818d5\COMCTL32.dll
0x00007ffe59720000 - 0x00007ffe5974b000 	C:\Windows\System32\GDI32.dll
0x00007ffe576b0000 - 0x00007ffe577c7000 	C:\Windows\System32\gdi32full.dll
0x00007ffe57610000 - 0x00007ffe576ad000 	C:\Windows\System32\msvcp_win.dll
0x00007ffe4d980000 - 0x00007ffe4d98a000 	C:\Windows\SYSTEM32\VERSION.dll
0x00007ffe59370000 - 0x00007ffe593a2000 	C:\Windows\System32\IMM32.DLL
0x00007ffe3fb20000 - 0x00007ffe3fb2c000 	C:\Program Files\Java\jdk-21\bin\vcruntime140_1.dll
0x00007ffe1f740000 - 0x00007ffe1f7ce000 	C:\Program Files\Java\jdk-21\bin\msvcp140.dll
0x00007ffdd4670000 - 0x00007ffdd5385000 	C:\Program Files\Java\jdk-21\bin\server\jvm.dll
0x00007ffe580b0000 - 0x00007ffe5811b000 	C:\Windows\System32\WS2_32.dll
0x00007ffe56c00000 - 0x00007ffe56c4b000 	C:\Windows\SYSTEM32\POWRPROF.dll
0x00007ffe44d60000 - 0x00007ffe44d87000 	C:\Windows\SYSTEM32\WINMM.dll
0x00007ffe56be0000 - 0x00007ffe56bf2000 	C:\Windows\SYSTEM32\UMPDC.dll
0x00007ffe55690000 - 0x00007ffe556a2000 	C:\Windows\SYSTEM32\kernel.appcore.dll
0x00007ffe3d120000 - 0x00007ffe3d12a000 	C:\Program Files\Java\jdk-21\bin\jimage.dll
0x00007ffe54bf0000 - 0x00007ffe54dd4000 	C:\Windows\SYSTEM32\DBGHELP.DLL
0x00007ffe47960000 - 0x00007ffe47994000 	C:\Windows\SYSTEM32\dbgcore.DLL
0x00007ffe57220000 - 0x00007ffe572a2000 	C:\Windows\System32\bcryptPrimitives.dll
0x00007ffe3b660000 - 0x00007ffe3b67f000 	C:\Program Files\Java\jdk-21\bin\java.dll

dbghelp: loaded successfully - version: 4.0.5 - missing functions: none
symbol engine: initialized successfully - sym options: 0x614 - pdb path: .;C:\Program Files\Java\jdk-21\bin;C:\Windows\SYSTEM32;C:\Program Files\Avast Software\Avast;C:\Windows\WinSxS\amd64_microsoft.windows.common-controls_6595b64144ccf1df_6.0.19041.3636_none_60b6a03d71f818d5;C:\Program Files\Java\jdk-21\bin\server

VM Arguments:
jvm_args: -Dfile.encoding=UTF-8 -Dstdout.encoding=UTF-8 -Dstderr.encoding=UTF-8 -XX:+ShowCodeDetailsInExceptionMessages 
java_command: com.controller.OrdersController
java_class_path (initial): C:\Users\Admin\eclipse-workspace\TechShopAssignment\bin;C:\Users\Admin\eclipse-workspace\TechShopAssignment\lib\mysql-connector-j-8.0.33 (1).jar
Launcher Type: SUN_STANDARD

[Global flags]
     intx CICompilerCount                          = 4                                         {product} {ergonomic}
     uint ConcGCThreads                            = 2                                         {product} {ergonomic}
     uint G1ConcRefinementThreads                  = 8                                         {product} {ergonomic}
   size_t G1HeapRegionSize                         = 2097152                                   {product} {ergonomic}
    uintx GCDrainStackTargetSize                   = 64                                        {product} {ergonomic}
   size_t InitialHeapSize                          = 201326592                                 {product} {ergonomic}
   size_t MarkStackSize                            = 4194304                                   {product} {ergonomic}
   size_t MaxHeapSize                              = 3196059648                                {product} {ergonomic}
   size_t MinHeapDeltaBytes                        = 2097152                                   {product} {ergonomic}
   size_t MinHeapSize                              = 8388608                                   {product} {ergonomic}
    uintx NonNMethodCodeHeapSize                   = 5839372                                {pd product} {ergonomic}
    uintx NonProfiledCodeHeapSize                  = 122909434                              {pd product} {ergonomic}
    uintx ProfiledCodeHeapSize                     = 122909434                              {pd product} {ergonomic}
    uintx ReservedCodeCacheSize                    = 251658240                              {pd product} {ergonomic}
     bool SegmentedCodeCache                       = true                                      {product} {ergonomic}
     bool ShowCodeDetailsInExceptionMessages       = true                                   {manageable} {command line}
   size_t SoftMaxHeapSize                          = 3196059648                             {manageable} {ergonomic}
     bool UseCompressedOops                        = true                           {product lp64_product} {ergonomic}
     bool UseG1GC                                  = true                                      {product} {ergonomic}
     bool UseLargePagesIndividualAllocation        = false                                  {pd product} {ergonomic}

Logging:
Log output configuration:
 #0: stdout all=warning uptime,level,tags foldmultilines=false
 #1: stderr all=off uptime,level,tags foldmultilines=false

Environment Variables:
JAVA_HOME=C:\Program Files\Java\jdk-21
PATH=C:\Program Files\Common Files\Oracle\Java\javapath;C:\Windows\system32;C:\Windows;C:\Windows\System32\Wbem;C:\Windows\System32\WindowsPowerShell\v1.0\;C:\Windows\System32\OpenSSH\;C:\Program Files\dotnet\;C:\Program Files\Microsoft SQL Server\130\Tools\Binn\;C:\Program Files\Microsoft SQL Server\Client SDK\ODBC\170\Tools\Binn\;C:\Program Files\Git\cmd;C:\Program Files\nodejs\;C:\Program Files\MySQL\MySQL Server 8.0\bin;C:\Program Files\Java\jdk-21\bin;C:\Users\Admin\AppData\Local\Programs\Python\Python311\Scripts\;C:\Users\Admin\AppData\Local\Programs\Python\Python311\;C:\Program Files\MySQL\MySQL Shell 8.0\bin\;C:\Users\Admin\AppData\Local\Microsoft\WindowsApps;C:\Users\Admin\AppData\Local\Programs\Microsoft VS Code\bin;C:\Users\Admin\.dotnet\tools;C:\Users\Admin\AppData\Local\atom\bin;C:\Users\Admin\AppData\Local\Programs\Hyper\resources\bin;C:\Users\Admin\AppData\Roaming\npm;C:\Users\Admin\AppData\Local\GitHubDesktop\bin
USERNAME=Admin
OS=Windows_NT
PROCESSOR_IDENTIFIER=Intel64 Family 6 Model 142 Stepping 10, GenuineIntel
TMP=C:\Users\Admin\AppData\Local\Temp
TEMP=C:\Users\Admin\AppData\Local\Temp




Periodic native trim disabled

---------------  S Y S T E M  ---------------

OS:
 Windows 10 , 64 bit Build 19041 (10.0.19041.3636)
OS uptime: 5 days 11:21 hours

CPU: total 8 (initial active 8) (4 cores per cpu, 2 threads per core) family 6 model 142 stepping 10 microcode 0xf0, cx8, cmov, fxsr, ht, mmx, 3dnowpref, sse, sse2, sse3, ssse3, sse4.1, sse4.2, popcnt, lzcnt, tsc, tscinvbit, avx, avx2, aes, erms, clmul, bmi1, bmi2, adx, fma, vzeroupper, clflush, clflushopt, rdtscp, f16c
Processor Information for all 8 processors :
  Max Mhz: 1800, Current Mhz: 1600, Mhz Limit: 1584

Memory: 4k page, system-wide physical 12185M (3810M free)
TotalPageFile size 41917M (AvailPageFile size 122M)
current process WorkingSet (physical memory assigned to process): 10M, peak: 10M
current process commit charge ("private bytes"): 60M, peak: 252M

vm_info: Java HotSpot(TM) 64-Bit Server VM (21.0.1+12-LTS-29) for windows-amd64 JRE (21.0.1+12-LTS-29), built on 2023-10-05T13:27:09Z by "mach5one" with MS VC++ 17.1 (VS2022)

END.
